2026-02-03T18:38:35.776Z - Attempting registration for: csege0306@gmail.com, sarika01
2026-02-03T18:38:35.778Z - Checking existing user
2026-02-03T18:38:35.823Z - Creating user...
2026-02-03T18:38:35.967Z - EXCEPTION: Error: Cannot add or update a child row: a foreign key constraint fails (`trimal`.`user`, CONSTRAINT `user_ibfk_1` FOREIGN KEY (`specie_id`) REFERENCES `specie` (`id`))
    at PromisePool.execute (E:\Downloads\TrimalBuild20260203\Trimal\Trimal - vizsgamunka\trimal_react\backend\node_modules\mysql2\lib\promise\pool.js:54:22)
    at User.create (E:\Downloads\TrimalBuild20260203\Trimal\Trimal - vizsgamunka\trimal_react\backend\models\User.js:17:38)
    at async E:\Downloads\TrimalBuild20260203\Trimal\Trimal - vizsgamunka\trimal_react\backend\routes\auth.js:45:21
2026-02-03T18:41:23.926Z - Attempting registration for: csege0306@gmail.com, csegefekete1
2026-02-03T18:41:23.927Z - Checking existing user
2026-02-03T18:41:23.967Z - Creating user...
2026-02-03T18:41:24.108Z - User created with ID: 6
2026-02-03T18:41:24.109Z - Creating character...
2026-02-03T18:41:24.141Z - Character created
2026-02-03T18:41:24.166Z - User linked to character
2026-02-03T18:41:24.167Z - Sending email...
2026-02-03T19:00:02.303Z - Attempting registration for: kezdodikk50@gmail.com, csigabiga23
2026-02-03T19:00:02.304Z - Checking existing user
2026-02-03T19:00:02.341Z - Creating user...
2026-02-03T19:00:02.478Z - User created with ID: 7
2026-02-03T19:00:02.479Z - Creating character...
2026-02-03T19:00:02.503Z - Character created
2026-02-03T19:00:02.595Z - User linked to character
2026-02-03T19:00:02.596Z - Sending email...
2026-02-03T19:00:03.497Z - MAILER: Error sending email: Missing credentials for "PLAIN"
2026-02-03T19:02:22.822Z - MAILER LOAD: User=info.trimal.rpg@gmail.com, PassLength=0
2026-02-03T19:02:26.194Z - MAILER LOAD: User=info.trimal.rpg@gmail.com, PassLength=0
2026-02-03T19:04:54.420Z - Attempting registration for: ezustjanos3@gmail.com, silverjohn123
2026-02-03T19:04:54.421Z - Checking existing user
2026-02-03T19:04:54.460Z - Creating user...
2026-02-03T19:04:54.595Z - User created with ID: 8
2026-02-03T19:04:54.596Z - Creating character...
2026-02-03T19:04:54.644Z - Character created
2026-02-03T19:04:54.667Z - User linked to character
2026-02-03T19:04:54.668Z - Sending email...
2026-02-03T19:04:54.900Z - MAILER: Error sending email: Missing credentials for "PLAIN"
2026-02-03T19:05:43.318Z - MAILER LOAD: User=info.trimal.rpg@gmail.com, PassLength=17
2026-02-03T19:07:01.225Z - Attempting registration for: janesco897@gmail.com, kukucskajoska1111
2026-02-03T19:07:01.226Z - Checking existing user
2026-02-03T19:07:01.266Z - Creating user...
2026-02-03T19:07:01.418Z - User created with ID: 9
2026-02-03T19:07:01.418Z - Creating character...
2026-02-03T19:07:01.455Z - Character created
2026-02-03T19:07:01.655Z - User linked to character
2026-02-03T19:07:01.655Z - Sending email...
2026-02-03T19:07:02.371Z - MAILER: Error sending email: Invalid login: 535-5.7.8 Username and Password not accepted. For more information, go to
535 5.7.8  https://support.google.com/mail/?p=BadCredentials ffacd0b85a97d-43617e38ec5sm875835f8f.14 - gsmtp
2026-02-03T19:16:47.847Z - MAILER LOAD: User=info.trimal.rpg@gmail.com, PassLength=19
2026-02-03T19:17:53.509Z - Attempting registration for: feketecsegeistvan-40257@taszi.hu, gipszjakab55
2026-02-03T19:17:53.510Z - Checking existing user
2026-02-03T19:17:53.550Z - Creating user...
2026-02-03T19:17:53.660Z - User created with ID: 10
2026-02-03T19:17:53.660Z - Creating character...
2026-02-03T19:17:53.711Z - Character created
2026-02-03T19:17:53.759Z - User linked to character
2026-02-03T19:17:53.760Z - Sending email...
2026-02-03T19:17:55.051Z - MAILER: Verification email sent: 250 2.0.0 OK  1770146274 ffacd0b85a97d-4361805f25dsm745074f8f.29 - gsmtp
2026-02-03T19:22:27.446Z - MAILER LOAD: User=info.trimal.rpg@gmail.com, PassLength=19
2026-02-03T19:26:26.734Z - MAILER LOAD: User=info.trimal.rpg@gmail.com, PassLength=19
2026-02-13T12:31:09.885Z - MAILER LOAD: User=info.trimal.rpg@gmail.com, PassLength=19
2026-02-13T12:32:54.599Z - Attempting registration for: dezsig91@gmail.com, dezsig
2026-02-13T12:32:54.599Z - Checking existing user
2026-02-13T12:32:54.614Z - Creating user...
2026-02-13T12:32:54.672Z - User created with ID: 11
2026-02-13T12:32:54.672Z - Creating character...
2026-02-13T12:32:54.678Z - Character created
2026-02-13T12:32:54.681Z - User linked to character
2026-02-13T12:32:54.681Z - Sending email...
2026-02-13T12:32:56.220Z - MAILER: Verification email sent: 250 2.0.0 OK  1770985979 5b1f17b1804b1-48370a41be2sm30102875e9.1 - gsmtp
2026-02-13T12:37:32.677Z - Attempting registration for: dezsigergo7@gmail.com, dezsigate
2026-02-13T12:37:32.678Z - Checking existing user
2026-02-13T12:37:32.680Z - Creating user...
2026-02-13T12:37:32.739Z - User created with ID: 12
2026-02-13T12:37:32.740Z - Creating character...
2026-02-13T12:37:32.743Z - Character created
2026-02-13T12:37:32.747Z - User linked to character
2026-02-13T12:37:32.747Z - Sending email...
2026-02-13T12:37:33.940Z - MAILER: Verification email sent: 250 2.0.0 OK  1770986257 5b1f17b1804b1-48371a2998fsm16092955e9.17 - gsmtp
2026-02-13T12:45:27.500Z - MAILER LOAD: User=info.trimal.rpg@gmail.com, PassLength=19
2026-02-17T16:34:27.185Z - MAILER LOAD: User=info.trimal.rpg@gmail.com, PassLength=19
2026-02-20T10:29:12.059Z - MAILER LOAD: User=info.trimal.rpg@gmail.com, PassLength=19
2026-02-20T11:43:31.400Z - MAILER LOAD: User=info.trimal.rpg@gmail.com, PassLength=19
2026-02-20T11:45:41.001Z - MAILER LOAD: User=info.trimal.rpg@gmail.com, PassLength=19
2026-02-23T07:29:49.094Z - MAILER LOAD: User=info.trimal.rpg@gmail.com, PassLength=19
2026-02-23T07:51:19.326Z - MAILER LOAD: User=info.trimal.rpg@gmail.com, PassLength=19
2026-02-23T07:57:53.883Z - MAILER LOAD: User=info.trimal.rpg@gmail.com, PassLength=19
2026-02-23T08:04:43.302Z - MAILER LOAD: User=info.trimal.rpg@gmail.com, PassLength=19
2026-02-23T08:04:43.383Z - MAILER LOAD: User=info.trimal.rpg@gmail.com, PassLength=19
2026-02-23T08:04:52.528Z - MAILER LOAD: User=info.trimal.rpg@gmail.com, PassLength=19
2026-02-23T08:04:52.602Z - MAILER LOAD: User=info.trimal.rpg@gmail.com, PassLength=19
2026-02-23T08:05:17.710Z - MAILER LOAD: User=info.trimal.rpg@gmail.com, PassLength=19
2026-02-23T08:05:17.783Z - MAILER LOAD: User=info.trimal.rpg@gmail.com, PassLength=19
2026-02-23T08:05:32.558Z - MAILER LOAD: User=info.trimal.rpg@gmail.com, PassLength=19
2026-02-23T08:05:32.634Z - MAILER LOAD: User=info.trimal.rpg@gmail.com, PassLength=19
2026-02-23T08:06:05.937Z - MAILER LOAD: User=info.trimal.rpg@gmail.com, PassLength=19
2026-02-23T08:06:06.029Z - MAILER LOAD: User=info.trimal.rpg@gmail.com, PassLength=19
2026-02-23T08:48:01.734Z - MAILER LOAD: User=info.trimal.rpg@gmail.com, PassLength=19
2026-02-23T08:48:01.793Z - MAILER LOAD: User=info.trimal.rpg@gmail.com, PassLength=19
2026-02-23T11:34:25.691Z - MAILER LOAD: User=info.trimal.rpg@gmail.com, PassLength=19
2026-02-23T11:49:29.480Z - MAILER LOAD: User=info.trimal.rpg@gmail.com, PassLength=19
2026-02-23T12:49:08.160Z - MAILER LOAD: User=info.trimal.rpg@gmail.com, PassLength=19
2026-02-24T17:11:53.372Z - MAILER LOAD: User=info.trimal.rpg@gmail.com, PassLength=19
2026-02-24T17:48:31.760Z - MAILER LOAD: User=info.trimal.rpg@gmail.com, PassLength=19
2026-02-24T17:49:46.660Z - MAILER LOAD: User=info.trimal.rpg@gmail.com, PassLength=19
2026-02-25T10:54:55.649Z - MAILER LOAD: User=info.trimal.rpg@gmail.com, PassLength=19
2026-02-26T07:03:15.705Z - MAILER LOAD: User=info.trimal.rpg@gmail.com, PassLength=19
2026-02-26T07:04:44.927Z - MAILER LOAD: User=info.trimal.rpg@gmail.com, PassLength=19
2026-02-26T07:55:47.463Z - MAILER LOAD: User=info.trimal.rpg@gmail.com, PassLength=19
2026-02-26T10:29:01.160Z - MAILER LOAD: User=info.trimal.rpg@gmail.com, PassLength=19
2026-02-26T10:51:08.589Z - MAILER LOAD: User=info.trimal.rpg@gmail.com, PassLength=19
2026-02-26T10:53:46.045Z - MAILER LOAD: User=info.trimal.rpg@gmail.com, PassLength=19
2026-02-27T06:48:41.309Z - MAILER LOAD: User=info.trimal.rpg@gmail.com, PassLength=19
2026-02-27T07:24:53.591Z - MAILER LOAD: User=info.trimal.rpg@gmail.com, PassLength=19
2026-02-28T19:25:34.859Z - MAILER LOAD: User=info.trimal.rpg@gmail.com, PassLength=19
2026-02-28T19:34:52.795Z - MAILER LOAD: User=info.trimal.rpg@gmail.com, PassLength=19
2026-02-28T19:42:46.790Z - MAILER LOAD: User=info.trimal.rpg@gmail.com, PassLength=19
2026-02-28T19:45:21.766Z - Attempting registration for: csege0306@gmail.com, csegef111
2026-02-28T19:45:21.767Z - Checking existing user
2026-02-28T19:45:21.784Z - User exists
2026-02-28T19:45:43.801Z - Attempting registration for: csege0306@gmail.com, csegef111
2026-02-28T19:45:43.802Z - Checking existing user
2026-02-28T19:45:43.808Z - Creating user...
2026-02-28T19:45:43.955Z - User created with ID: 11
2026-02-28T19:45:43.956Z - Creating character...
2026-02-28T19:45:44.044Z - Character created
2026-02-28T19:45:44.119Z - User linked to character
2026-02-28T19:45:44.120Z - Sending email...
2026-02-28T19:45:45.530Z - MAILER: Verification email sent: 250 2.0.0 OK  1772307945 ffacd0b85a97d-4399c70ff6esm25911131f8f.12 - gsmtp
2026-02-28T19:51:03.053Z - Attempting registration for: csege0306@gmail.com, csegef222
2026-02-28T19:51:03.054Z - Checking existing user
2026-02-28T19:51:03.065Z - Creating user...
2026-02-28T19:51:03.166Z - User created with ID: 12
2026-02-28T19:51:03.166Z - Creating character...
2026-02-28T19:51:03.265Z - Character created
2026-02-28T19:51:03.314Z - User linked to character
2026-02-28T19:51:03.315Z - Sending email...
2026-02-28T19:51:04.437Z - MAILER: Verification email sent: 250 2.0.0 OK  1772308264 ffacd0b85a97d-439b03db76bsm1024743f8f.18 - gsmtp
2026-02-28T20:34:07.617Z - MAILER LOAD: User=info.trimal.rpg@gmail.com, PassLength=19
2026-02-28T20:36:24.478Z - MAILER LOAD: User=info.trimal.rpg@gmail.com, PassLength=19
2026-02-28T20:37:08.907Z - MAILER LOAD: User=info.trimal.rpg@gmail.com, PassLength=19
2026-02-28T20:37:41.065Z - MAILER LOAD: User=info.trimal.rpg@gmail.com, PassLength=19
2026-02-28T20:39:55.332Z - MAILER LOAD: User=info.trimal.rpg@gmail.com, PassLength=19
2026-02-28T21:11:32.049Z - MAILER LOAD: User=info.trimal.rpg@gmail.com, PassLength=19
2026-02-28T22:05:14.459Z - MAILER LOAD: User=info.trimal.rpg@gmail.com, PassLength=19
2026-02-28T22:06:45.348Z - MAILER LOAD: User=info.trimal.rpg@gmail.com, PassLength=19
2026-02-28T22:08:15.463Z - MAILER LOAD: User=info.trimal.rpg@gmail.com, PassLength=19
2026-02-28T22:58:48.565Z - MAILER LOAD: User=info.trimal.rpg@gmail.com, PassLength=19
2026-02-28T22:58:56.256Z - MAILER LOAD: User=info.trimal.rpg@gmail.com, PassLength=19
2026-03-04T11:46:00.365Z - MAILER LOAD: User=info.trimal.rpg@gmail.com, PassLength=19
2026-03-04T11:52:04.344Z - MAILER LOAD: User=info.trimal.rpg@gmail.com, PassLength=19
2026-03-04T11:54:10.417Z - MAILER LOAD: User=info.trimal.rpg@gmail.com, PassLength=19
2026-03-04T11:55:51.949Z - Attempting registration for: veresgaborzalan-40248@taszi.hu, Teszt
2026-03-04T11:55:51.950Z - Checking existing user
2026-03-04T11:55:51.975Z - Creating user...
2026-03-04T11:55:52.060Z - User created with ID: 13
2026-03-04T11:55:52.060Z - Creating character...
2026-03-04T11:55:52.071Z - Character created
2026-03-04T11:55:52.074Z - User linked to character
2026-03-04T11:55:52.075Z - Sending email...
2026-03-04T11:55:55.468Z - MAILER: Verification email sent: 250 2.0.0 OK  1772625367 ffacd0b85a97d-439c2f8c0e7sm9833184f8f.29 - gsmtp
2026-03-04T12:45:45.411Z - MAILER LOAD: User=info.trimal.rpg@gmail.com, PassLength=19
2026-03-04T12:50:46.886Z - MAILER LOAD: User=info.trimal.rpg@gmail.com, PassLength=19
2026-03-04T13:01:42.790Z - MAILER LOAD: User=info.trimal.rpg@gmail.com, PassLength=19
2026-03-04T13:38:56.284Z - MAILER LOAD: User=info.trimal.rpg@gmail.com, PassLength=19
2026-03-06T07:12:35.717Z - MAILER LOAD: User=info.trimal.rpg@gmail.com, PassLength=19
2026-03-06T07:33:42.176Z - MAILER LOAD: User=info.trimal.rpg@gmail.com, PassLength=19
2026-03-06T07:34:46.372Z - MAILER LOAD: User=info.trimal.rpg@gmail.com, PassLength=19
2026-03-09T08:16:15.494Z - MAILER LOAD: User=info.trimal.rpg@gmail.com, PassLength=19
2026-03-09T10:01:34.307Z - MAILER LOAD: User=info.trimal.rpg@gmail.com, PassLength=19
2026-03-09T10:05:18.503Z - MAILER LOAD: User=info.trimal.rpg@gmail.com, PassLength=19
2026-03-09T10:06:49.248Z - MAILER LOAD: User=info.trimal.rpg@gmail.com, PassLength=19
2026-03-09T10:34:55.889Z - MAILER LOAD: User=info.trimal.rpg@gmail.com, PassLength=19
2026-03-09T12:11:50.072Z - MAILER LOAD: User=info.trimal.rpg@gmail.com, PassLength=19
2026-03-09T12:11:51.205Z - MAILER LOAD: User=info.trimal.rpg@gmail.com, PassLength=19
2026-03-09T12:11:53.306Z - MAILER LOAD: User=info.trimal.rpg@gmail.com, PassLength=19
2026-03-09T13:15:54.603Z - Attempting registration for: veresgaborzalan-40248@taszi.hu, Intro
2026-03-09T13:15:54.608Z - Checking existing user
2026-03-09T13:15:54.613Z - User exists
2026-03-09T13:17:16.650Z - Attempting registration for: vgabo2k3@gmail.com, Intro
2026-03-09T13:17:16.651Z - Checking existing user
2026-03-09T13:17:16.656Z - Creating user...
2026-03-09T13:17:16.752Z - User created with ID: 14
2026-03-09T13:17:16.753Z - Creating character...
2026-03-09T13:17:16.764Z - Character created
2026-03-09T13:17:16.765Z - Generating initial shop items...
2026-03-09T13:17:16.797Z - Initial shop items generated
2026-03-09T13:17:16.800Z - User linked to character
2026-03-09T13:17:16.802Z - Sending email...
2026-03-09T13:17:18.930Z - MAILER: Verification email sent: 250 2.0.0 OK  1773062253 ffacd0b85a97d-439dae483desm25047479f8f.34 - gsmtp
2026-03-09T13:24:19.353Z - MAILER LOAD: User=info.trimal.rpg@gmail.com, PassLength=19
2026-03-12T15:24:30.071Z - MAILER LOAD: User=info.trimal.rpg@gmail.com, PassLength=19
2026-03-19T10:00:26.552Z - MAILER LOAD: User=info.trimal.rpg@gmail.com, PassLength=19
2026-03-19T10:07:46.169Z - MAILER LOAD: User=info.trimal.rpg@gmail.com, PassLength=19
2026-03-19T10:48:51.233Z - MAILER LOAD: User=info.trimal.rpg@gmail.com, PassLength=19
2026-03-19T10:49:14.493Z - MAILER LOAD: User=info.trimal.rpg@gmail.com, PassLength=19
2026-03-19T10:53:19.176Z - MAILER LOAD: User=info.trimal.rpg@gmail.com, PassLength=19
2026-03-20T08:10:33.389Z - MAILER LOAD: User=info.trimal.rpg@gmail.com, PassLength=19
2026-03-20T08:11:49.766Z - MAILER LOAD: User=info.trimal.rpg@gmail.com, PassLength=19
2026-03-20T10:31:34.215Z - MAILER LOAD: User=info.trimal.rpg@gmail.com, PassLength=19
2026-03-20T10:41:16.946Z - MAILER LOAD: User=info.trimal.rpg@gmail.com, PassLength=19
2026-03-20T10:53:18.108Z - MAILER LOAD: User=info.trimal.rpg@gmail.com, PassLength=19
2026-03-20T10:56:40.269Z - MAILER LOAD: User=info.trimal.rpg@gmail.com, PassLength=19
2026-03-20T10:57:56.180Z - MAILER LOAD: User=info.trimal.rpg@gmail.com, PassLength=19
2026-03-20T10:59:52.819Z - MAILER LOAD: User=info.trimal.rpg@gmail.com, PassLength=19
2026-03-20T11:00:09.905Z - MAILER LOAD: User=info.trimal.rpg@gmail.com, PassLength=19
2026-03-20T11:43:43.252Z - MAILER LOAD: User=info.trimal.rpg@gmail.com, PassLength=19
2026-03-20T11:50:25.801Z - MAILER LOAD: User=info.trimal.rpg@gmail.com, PassLength=19
2026-03-20T11:51:59.728Z - MAILER LOAD: User=info.trimal.rpg@gmail.com, PassLength=19
2026-03-20T12:01:20.623Z - MAILER LOAD: User=info.trimal.rpg@gmail.com, PassLength=19
2026-03-20T12:02:15.779Z - MAILER LOAD: User=info.trimal.rpg@gmail.com, PassLength=19
2026-03-20T12:05:08.219Z - MAILER LOAD: User=info.trimal.rpg@gmail.com, PassLength=19
2026-03-20T12:11:32.513Z - MAILER LOAD: User=info.trimal.rpg@gmail.com, PassLength=19
2026-03-20T12:11:39.967Z - MAILER LOAD: User=info.trimal.rpg@gmail.com, PassLength=19
2026-03-26T08:03:53.517Z - MAILER LOAD: User=info.trimal.rpg@gmail.com, PassLength=19
2026-03-26T12:04:24.520Z - MAILER LOAD: User=info.trimal.rpg@gmail.com, PassLength=19
2026-03-26T12:15:59.929Z - MAILER LOAD: User=info.trimal.rpg@gmail.com, PassLength=19
2026-03-27T12:28:29.101Z - MAILER LOAD: User=info.trimal.rpg@gmail.com, PassLength=19
2026-03-30T06:49:31.354Z - MAILER LOAD: User=info.trimal.rpg@gmail.com, PassLength=19
2026-03-30T06:54:09.354Z - MAILER LOAD: User=info.trimal.rpg@gmail.com, PassLength=19
2026-03-30T08:04:05.084Z - MAILER LOAD: User=info.trimal.rpg@gmail.com, PassLength=19
2026-03-30T08:09:21.487Z - MAILER LOAD: User=info.trimal.rpg@gmail.com, PassLength=19
2026-03-31T06:59:15.844Z - MAILER LOAD: User=info.trimal.rpg@gmail.com, PassLength=19
2026-03-31T07:46:02.902Z - MAILER LOAD: User=info.trimal.rpg@gmail.com, PassLength=19
2026-03-31T08:12:03.981Z - Attempting registration for: tester@example.com, tester
2026-03-31T08:12:03.982Z - Checking existing user
2026-03-31T08:12:03.991Z - Creating user...
2026-03-31T08:12:04.087Z - User created with ID: 14
2026-03-31T08:12:04.087Z - Creating character...
2026-03-31T08:12:04.104Z - Character created
2026-03-31T08:12:04.104Z - Generating initial shop items...
2026-03-31T08:12:04.134Z - Initial shop items generated
2026-03-31T08:12:04.137Z - User linked to character
2026-03-31T08:12:04.137Z - Sending email...
2026-03-31T08:12:05.777Z - MAILER: Verification email sent: 250 2.0.0 OK  1774944729 5b1f17b1804b1-4887e832585sm37523495e9.6 - gsmtp
2026-04-11T22:46:47.567Z - MAILER LOAD: User=info.trimal.rpg@gmail.com, PassLength=19
2026-04-11T23:00:34.477Z - MAILER LOAD: User=info.trimal.rpg@gmail.com, PassLength=19
2026-04-11T23:46:24.993Z - MAILER LOAD: User=info.trimal.rpg@gmail.com, PassLength=19
2026-04-11T23:46:44.763Z - MAILER LOAD: User=info.trimal.rpg@gmail.com, PassLength=19
2026-04-12T00:14:17.992Z - MAILER LOAD: User=info.trimal.rpg@gmail.com, PassLength=19
2026-04-12T00:15:02.767Z - MAILER LOAD: User=info.trimal.rpg@gmail.com, PassLength=19
2026-04-12T00:15:16.651Z - MAILER LOAD: User=info.trimal.rpg@gmail.com, PassLength=19
2026-04-12T01:15:01.419Z - MAILER LOAD: User=info.trimal.rpg@gmail.com, PassLength=19
2026-04-12T01:27:14.610Z - MAILER LOAD: User=info.trimal.rpg@gmail.com, PassLength=19
2026-04-12T01:31:18.306Z - MAILER LOAD: User=info.trimal.rpg@gmail.com, PassLength=19
2026-04-12T01:32:42.052Z - MAILER LOAD: User=info.trimal.rpg@gmail.com, PassLength=19
2026-04-12T04:42:57.743Z - MAILER LOAD: User=info.trimal.rpg@gmail.com, PassLength=19
